"gelobtes Land" (gelobtes)
"Actant"
"Ban Ki-moon" (Ki-moon)
"33-Bogen-Brücke"
"Mathematiker-Brücke"
"selbstfahrendes Auto" (selbstfahrendes)
"Roboterauto"
"Präsentationsfolie"
"Chomolungma"
"Leiterspiel"
"Spider-Man"
"Equator"
"Süssigkeiten"
"Milchshake"
"Azetylcholin"
"JPY"
"DeepMind"
"Google DeepMind" (DeepMind)
"Sonnett"
"Windbö"
"Pandabär"
"Faraday-Konstante"
"Mojito"
"Mochito"
"Jo-Jo"
"Seidenstrasse"
"Finanzmittelbeschaffung"
"Ausserirdischer"
"Cloudcomputing"
"Strickgarn"
"Fussgängerstreifen"
"U2"
"Euphrates"
"Wetterprognose"
"Münzamt"
"Boeing 747-200" (747-200)
"Dickflüssigkeit"
"Zwergwildschwein"
"Kryptogramm"
"Schachdame"
"Neanderthaler"
"Häkeln"
"Hadoop"
"Hautentzündung"
"Unterrichtsgebühr"
"Wandelröschen"
"Löwenmäuler"
"Kanonboot"
"Geldfluss"
"Flaggenkunde"
"Geisir"
"Brexit"
"Lebensqualitàt"
"Comicroman"
"CO2"
"Coca-Cola"
"Archeologie"
"Protein-Molekül"
"Geldkurs"
"Gartenhag"
"Normalabweichung"
"Geschlechtsdiskriminierung"
"Bankkredit"
"Provirus"
"Zitrusfrucht"
"Pampelmuse"
"Gemütsart"
"Grossstadt"
"Kompilierer"
"Hamedan"
"McDonald's"
"Basmatireis"
"Jasminreis"
"Webbrauser"
"Zitrusfrucht"
